app/build/intermediates/manifest_merge_blame_file/debug/manifest-merger-blame-debug-report.txt
1<?xml version="1.0" encoding="utf-8"?>
2<manifest xmlns:android="http://schemas.android.com/apk/res/android"
3    package="com.example.cravingtimer"
4    android:versionCode="1"
5    android:versionName="1.0" >
6
7    <uses-sdk
8        android:minSdkVersion="30"
9        android:targetSdkVersion="34" />
10
11    <uses-permission android:name="android.permission.WAKE_LOCK" />
11-->src\main\AndroidManifest.xml:4:5-68
11-->src\main\AndroidManifest.xml:4:22-65
12    <uses-permission android:name="android.permission.POST_NOTIFICATIONS" />
12-->src\main\AndroidManifest.xml:5:5-76
12-->src\main\AndroidManifest.xml:5:22-74
13    <uses-permission android:name="android.permission.SCHEDULE_EXACT_ALARM" />
13-->src\main\AndroidManifest.xml:6:5-78
13-->src\main\AndroidManifest.xml:6:22-76
14    <uses-permission android:name="android.permission.USE_EXACT_ALARM" />
14-->src\main\AndroidManifest.xml:7:5-73
14-->src\main\AndroidManifest.xml:7:22-71
15    <uses-permission android:name="android.permission.VIBRATE" />
15-->src\main\AndroidManifest.xml:8:5-65
15-->src\main\AndroidManifest.xml:8:22-63
16    <uses-permission android:name="android.permission.RECEIVE_BOOT_COMPLETED" />
16-->src\main\AndroidManifest.xml:9:5-81
16-->src\main\AndroidManifest.xml:9:22-78
17
18    <uses-feature android:name="android.hardware.type.watch" />
18-->src\main\AndroidManifest.xml:12:5-64
18-->src\main\AndroidManifest.xml:12:19-61
19
20    <permission
20-->[androidx.core:core:1.12.0] AndroidManifest.xml:22:5-24:47
21        android:name="com.example.cravingtimer.DYNAMIC_RECEIVER_NOT_EXPORTED_PERMISSION"
21-->[androidx.core:core:1.12.0] AndroidManifest.xml:23:9-81
22        android:protectionLevel="signature" />
22-->[androidx.core:core:1.12.0] AndroidManifest.xml:24:9-44
23
24    <uses-permission android:name="com.example.cravingtimer.DYNAMIC_RECEIVER_NOT_EXPORTED_PERMISSION" />
24-->[androidx.core:core:1.12.0] AndroidManifest.xml:26:5-97
24-->[androidx.core:core:1.12.0] AndroidManifest.xml:26:22-94
25
26    <queries>
26-->[androidx.wear.tiles:tiles:1.1.0] AndroidManifest.xml:7:5-11:15
27        <intent>
27-->[androidx.wear.tiles:tiles:1.1.0] AndroidManifest.xml:8:9-10:18
28            <action android:name="androidx.wear.tiles.action.BIND_UPDATE_REQUESTER" />
28-->[androidx.wear.tiles:tiles:1.1.0] AndroidManifest.xml:9:13-87
28-->[androidx.wear.tiles:tiles:1.1.0] AndroidManifest.xml:9:21-84
29        </intent>
30    </queries>
31
32    <application
32-->src\main\AndroidManifest.xml:14:5-85:19
33        android:allowBackup="true"
33-->src\main\AndroidManifest.xml:15:9-35
34        android:appComponentFactory="androidx.core.app.CoreComponentFactory"
34-->[androidx.core:core:1.12.0] AndroidManifest.xml:28:18-86
35        android:debuggable="true"
36        android:extractNativeLibs="false"
37        android:icon="@mipmap/ic_launcher"
37-->src\main\AndroidManifest.xml:16:9-43
38        android:label="@string/app_name"
38-->src\main\AndroidManifest.xml:17:9-41
39        android:supportsRtl="true"
39-->src\main\AndroidManifest.xml:18:9-35
40        android:theme="@android:style/Theme.DeviceDefault" >
40-->src\main\AndroidManifest.xml:19:9-59
41        <activity
41-->src\main\AndroidManifest.xml:21:9-30:20
42            android:name="com.example.cravingtimer.MainActivity"
42-->src\main\AndroidManifest.xml:22:13-41
43            android:exported="true"
43-->src\main\AndroidManifest.xml:23:13-36
44            android:taskAffinity=""
44-->src\main\AndroidManifest.xml:24:13-36
45            android:theme="@android:style/Theme.DeviceDefault" >
45-->src\main\AndroidManifest.xml:25:13-63
46            <intent-filter>
46-->src\main\AndroidManifest.xml:26:13-29:29
47                <action android:name="android.intent.action.MAIN" />
47-->src\main\AndroidManifest.xml:27:17-69
47-->src\main\AndroidManifest.xml:27:25-66
48
49                <category android:name="android.intent.category.LAUNCHER" />
49-->src\main\AndroidManifest.xml:28:17-77
49-->src\main\AndroidManifest.xml:28:27-74
50            </intent-filter>
51        </activity>
52        <activity
52-->src\main\AndroidManifest.xml:32:9-35:75
53            android:name="com.example.cravingtimer.StartActivity"
53-->src\main\AndroidManifest.xml:33:13-42
54            android:exported="true"
54-->src\main\AndroidManifest.xml:34:13-36
55            android:theme="@android:style/Theme.Translucent.NoTitleBar" />
55-->src\main\AndroidManifest.xml:35:13-72
56        <activity
56-->src\main\AndroidManifest.xml:37:9-40:75
57            android:name="com.example.cravingtimer.CancelActivity"
57-->src\main\AndroidManifest.xml:38:13-43
58            android:exported="true"
58-->src\main\AndroidManifest.xml:39:13-36
59            android:theme="@android:style/Theme.Translucent.NoTitleBar" />
59-->src\main\AndroidManifest.xml:40:13-72
60
61        <receiver
61-->src\main\AndroidManifest.xml:42:9-75
62            android:name="com.example.cravingtimer.AlarmReceiver"
62-->src\main\AndroidManifest.xml:42:19-48
63            android:exported="false" />
63-->src\main\AndroidManifest.xml:42:49-73
64        <receiver
64-->src\main\AndroidManifest.xml:43:17-48:20
65            android:name="com.example.cravingtimer.BootReceiver"
65-->src\main\AndroidManifest.xml:43:27-55
66            android:exported="true" >
66-->src\main\AndroidManifest.xml:43:56-79
67            <intent-filter>
67-->src\main\AndroidManifest.xml:44:13-47:29
68                <action android:name="android.intent.action.BOOT_COMPLETED" />
68-->src\main\AndroidManifest.xml:45:17-79
68-->src\main\AndroidManifest.xml:45:25-76
69                <action android:name="android.intent.action.MY_PACKAGE_REPLACED" />
69-->src\main\AndroidManifest.xml:46:17-84
69-->src\main\AndroidManifest.xml:46:25-81
70            </intent-filter>
71        </receiver>
72        <receiver
72-->src\main\AndroidManifest.xml:49:9-53:20
73            android:name="com.example.cravingtimer.TileActionReceiver"
73-->src\main\AndroidManifest.xml:49:19-53
74            android:exported="false" >
74-->src\main\AndroidManifest.xml:49:54-78
75            <intent-filter>
75-->src\main\AndroidManifest.xml:50:13-52:29
76                <action android:name="com.example.cravingtimer.ACTION_CANCEL" />
76-->src\main\AndroidManifest.xml:51:17-81
76-->src\main\AndroidManifest.xml:51:25-78
77            </intent-filter>
78        </receiver>
79
80        <service
80-->src\main\AndroidManifest.xml:55:9-72:19
81            android:name="com.example.cravingtimer.CustomComplicationService"
81-->src\main\AndroidManifest.xml:56:13-54
82            android:exported="true"
82-->src\main\AndroidManifest.xml:57:13-36
83            android:icon="@android:drawable/btn_star"
83-->src\main\AndroidManifest.xml:59:13-54
84            android:label="Craving Timer"
84-->src\main\AndroidManifest.xml:58:13-42
85            android:permission="com.google.android.wearable.permission.BIND_COMPLICATION_PROVIDER" >
85-->src\main\AndroidManifest.xml:60:13-99
86            <intent-filter>
86-->src\main\AndroidManifest.xml:61:13-64:29
87                <action android:name="android.support.wearable.complications.ACTION_COMPLICATION_UPDATE_REQUEST" />
87-->src\main\AndroidManifest.xml:62:17-116
87-->src\main\AndroidManifest.xml:62:25-113
88
89                <category android:name="android.support.wearable.complications.category.PROVIDER" />
89-->src\main\AndroidManifest.xml:63:17-101
89-->src\main\AndroidManifest.xml:63:27-98
90            </intent-filter>
91
92            <meta-data
92-->src\main\AndroidManifest.xml:66:13-68:73
93                android:name="android.support.wearable.complications.SUPPORTED_TYPES"
93-->src\main\AndroidManifest.xml:67:17-86
94                android:value="SHORT_TEXT,SMALL_IMAGE,LONG_TEXT,ICON" />
94-->src\main\AndroidManifest.xml:68:17-70
95            <meta-data
95-->src\main\AndroidManifest.xml:69:13-71:37
96                android:name="android.support.wearable.complications.UPDATE_PERIOD_SECONDS"
96-->src\main\AndroidManifest.xml:70:17-92
97                android:value="0" />
97-->src\main\AndroidManifest.xml:71:17-34
98        </service>
99        <service
99-->src\main\AndroidManifest.xml:74:9-84:19
100            android:name="com.example.cravingtimer.TimerTileService"
100-->src\main\AndroidManifest.xml:75:13-45
101            android:exported="true"
101-->src\main\AndroidManifest.xml:78:13-36
102            android:icon="@android:drawable/btn_star"
102-->src\main\AndroidManifest.xml:77:13-54
103            android:label="Craving Timer"
103-->src\main\AndroidManifest.xml:76:13-42
104            android:permission="com.google.android.wearable.permission.BIND_TILE_PROVIDER" >
104-->src\main\AndroidManifest.xml:79:13-91
105            <intent-filter>
105-->src\main\AndroidManifest.xml:80:13-82:29
106                <action android:name="androidx.wear.tiles.action.BIND_TILE_PROVIDER" />
106-->src\main\AndroidManifest.xml:81:17-88
106-->src\main\AndroidManifest.xml:81:25-85
107            </intent-filter>
108
109            <meta-data
109-->src\main\AndroidManifest.xml:83:13-125
110                android:name="androidx.wear.tiles.PREVIEW"
110-->src\main\AndroidManifest.xml:83:24-66
111                android:resource="@android:drawable/ic_lock_idle_alarm" />
111-->src\main\AndroidManifest.xml:83:67-122
112        </service>
113
114        <uses-library
114-->[androidx.wear:wear:1.3.0] AndroidManifest.xml:23:9-25:40
115            android:name="com.google.android.wearable"
115-->[androidx.wear:wear:1.3.0] AndroidManifest.xml:24:13-55
116            android:required="false" />
116-->[androidx.wear:wear:1.3.0] AndroidManifest.xml:25:13-37
117
118        <activity
118-->[com.google.android.gms:play-services-base:18.0.1] AndroidManifest.xml:20:9-22:45
119            android:name="com.google.android.gms.common.api.GoogleApiActivity"
119-->[com.google.android.gms:play-services-base:18.0.1] AndroidManifest.xml:20:19-85
120            android:exported="false"
120-->[com.google.android.gms:play-services-base:18.0.1] AndroidManifest.xml:22:19-43
121            android:theme="@android:style/Theme.Translucent.NoTitleBar" />
121-->[com.google.android.gms:play-services-base:18.0.1] AndroidManifest.xml:21:19-78
122
123        <meta-data
123-->[com.google.android.gms:play-services-basement:18.0.0] AndroidManifest.xml:21:9-23:69
124            android:name="com.google.android.gms.version"
124-->[com.google.android.gms:play-services-basement:18.0.0] AndroidManifest.xml:22:13-58
125            android:value="@integer/google_play_services_version" />
125-->[com.google.android.gms:play-services-basement:18.0.0] AndroidManifest.xml:23:13-66
126    </application>
127
128</manifest>